::1 - - [05/Jan/2023:10:13:04 +0500] "GET / HTTP/1.1" 200 74989
::1 - - [05/Jan/2023:10:23:18 +0500] "GET / HTTP/1.1" 200 72422
::1 - - [05/Jan/2023:10:35:27 +0500] "GET / HTTP/1.1" 200 431
::1 - - [05/Jan/2023:10:35:36 +0500] "POST /display.php HTTP/1.1" 200 29
::1 - - [05/Jan/2023:10:36:36 +0500] "-" 408 -
::1 - - [05/Jan/2023:16:42:30 +0500] "GET /0501/scope.php HTTP/1.1" 200 3
::1 - - [05/Jan/2023:16:42:47 +0500] "GET /0501/scope.php HTTP/1.1" 200 18
::1 - - [05/Jan/2023:16:46:42 +0500] "GET /0501/scope.php HTTP/1.1" 404 196
::1 - - [05/Jan/2023:16:46:55 +0500] "GET /0501/global_var.php HTTP/1.1" 200 -
::1 - - [05/Jan/2023:16:47:04 +0500] "GET /0501/global_var.php HTTP/1.1" 200 -
::1 - - [05/Jan/2023:16:47:16 +0500] "GET /0501/global_var.php HTTP/1.1" 200 10
::1 - - [05/Jan/2023:16:51:14 +0500] "GET /0501/global_var.php HTTP/1.1" 200 15
::1 - - [05/Jan/2023:16:51:48 +0500] "GET /0501/global_var.php HTTP/1.1" 200 20
::1 - - [05/Jan/2023:16:52:07 +0500] "GET /0501/global_var.php HTTP/1.1" 200 25
::1 - - [05/Jan/2023:16:54:30 +0500] "GET /0501/global_var.php HTTP/1.1" 200 86
::1 - - [05/Jan/2023:16:59:19 +0500] "GET /0501/const.php HTTP/1.1" 200 4
::1 - - [05/Jan/2023:17:01:52 +0500] "GET /0501/const.php HTTP/1.1" 200 16
::1 - - [05/Jan/2023:17:04:02 +0500] "GET /0501/const.php HTTP/1.1" 200 65
::1 - - [05/Jan/2023:17:10:03 +0500] "GET /0501/isset.php HTTP/1.1" 200 74
::1 - - [05/Jan/2023:18:47:16 +0500] "GET /0501/isset.php HTTP/1.1" 200 74
::1 - - [05/Jan/2023:18:47:21 +0500] "GET /0501/array.php HTTP/1.1" 200 20
::1 - - [05/Jan/2023:18:47:38 +0500] "GET /0501/array.php HTTP/1.1" 200 21
::1 - - [05/Jan/2023:18:48:58 +0500] "GET /0501/array.php HTTP/1.1" 200 74
::1 - - [05/Jan/2023:18:49:33 +0500] "GET /0501/array.php HTTP/1.1" 200 78
::1 - - [05/Jan/2023:18:50:19 +0500] "GET /0501/array.php HTTP/1.1" 200 82
::1 - - [05/Jan/2023:18:51:10 +0500] "GET /0501/array.php HTTP/1.1" 200 137
::1 - - [05/Jan/2023:18:52:27 +0500] "GET /0501/array.php HTTP/1.1" 200 218
::1 - - [05/Jan/2023:18:57:31 +0500] "GET /0501/array.php HTTP/1.1" 200 298
::1 - - [05/Jan/2023:18:58:02 +0500] "GET /0501/array.php HTTP/1.1" 200 292
::1 - - [05/Jan/2023:18:59:05 +0500] "GET /0501/array.php HTTP/1.1" 200 300
::1 - - [05/Jan/2023:19:00:39 +0500] "GET /0501/array.php HTTP/1.1" 200 378
::1 - - [05/Jan/2023:19:01:29 +0500] "GET /0501/array.php HTTP/1.1" 200 387
::1 - - [05/Jan/2023:19:01:43 +0500] "GET /0501/array.php HTTP/1.1" 200 397
::1 - - [05/Jan/2023:19:02:45 +0500] "GET /0501/array.php HTTP/1.1" 200 484
::1 - - [05/Jan/2023:19:03:09 +0500] "GET /0501/array.php HTTP/1.1" 200 484
::1 - - [05/Jan/2023:19:04:14 +0500] "GET /0501/array.php HTTP/1.1" 200 572
::1 - - [05/Jan/2023:19:06:08 +0500] "GET /0501/array.php HTTP/1.1" 200 702
::1 - - [05/Jan/2023:19:06:26 +0500] "GET /0501/array.php HTTP/1.1" 200 740
::1 - - [05/Jan/2023:19:07:24 +0500] "GET /0501/array.php HTTP/1.1" 200 829
