[Thu Jan 05 10:12:59.660313 2023] [mpm_winnt:notice] [pid 20744:tid 476] AH00455: Apache/2.4.54 (Win64) PHP/8.2.1 configured -- resuming normal operations
[Thu Jan 05 10:12:59.660313 2023] [mpm_winnt:notice] [pid 20744:tid 476] AH00456: Apache Lounge VS17 Server built: Nov 10 2022 11:16:17
[Thu Jan 05 10:12:59.660313 2023] [core:notice] [pid 20744:tid 476] AH00094: Command line: 'C:\\CNUS2\\Monahov\\Apache24\\bin\\httpd.exe -d C:/CNUS2/Monahov/Apache24'
[Thu Jan 05 10:12:59.672965 2023] [mpm_winnt:notice] [pid 20744:tid 476] AH00418: Parent: Created child process 7816
Apache server shutdown initiated...
pm_winnt:notice] [pid 7816:tid 532] AH00354: Child: Starting 64 worker threads.
[Thu Jan 05 10:13:45.336164 2023] [mpm_winnt:notice] [pid 20744:tid 476] AH00422: Parent: Received shutdown signal -- Shutting down the server.
[Thu Jan 05 10:13:47.336779 2023] [mpm_winnt:notice] [pid 7816:tid 532] AH00364: Child: All worker threads have exited.
[Thu Jan 05 10:13:47.359363 2023] [mpm_winnt:notice] [pid 20744:tid 476] AH00430: Parent: Child process 7816 exited successfully.
[Thu Jan 05 10:22:42.936285 2023] [mpm_winnt:notice] [pid 13276:tid 452] AH00455: Apache/2.4.54 (Win64) PHP/8.2.1 configured -- resuming normal operations
[Thu Jan 05 10:22:42.936285 2023] [mpm_winnt:notice] [pid 13276:tid 452] AH00456: Apache Lounge VS17 Server built: Nov 10 2022 11:16:17
[Thu Jan 05 10:22:42.936285 2023] [core:notice] [pid 13276:tid 452] AH00094: Command line: 'C:\\CNUS2\\Monahov\\Apache24\\bin\\httpd.exe -d C:/CNUS2/Monahov/Apache24'
[Thu Jan 05 10:22:42.950275 2023] [mpm_winnt:notice] [pid 13276:tid 452] AH00418: Parent: Created child process 19128
[Thu Jan 05 10:22:43.487657 2023] [mpm_winnt:notice] [pid 19128:tid 516] AH00354: Child: Starting 64 worker threads.
[Thu Jan 05 16:46:42.074000 2023] [php:error] [pid 19128:tid 1140] [client ::1:52456] script 'C:/CNUS2/Monahov/php_ls/0501/scope.php' not found or unable to stat
[Fri Jan 06 17:39:46.760472 2023] [php:error] [pid 19128:tid 1140] [client ::1:53235] PHP Parse error:  Unclosed '{' on line 9 does not match ']' in C:\\CNUS2\\Monahov\\php_ls\\0601\\user.php on line 10, referer: http://localhost/0601/form.html
[Fri Jan 06 17:53:49.310516 2023] [php:error] [pid 19128:tid 1140] [client ::1:53467] script 'C:/CNUS2/Monahov/php_ls/0601/user.php' not found or unable to stat, referer: http://localhost/0601/form.html
[Fri Jan 06 17:53:55.180422 2023] [php:error] [pid 19128:tid 1148] [client ::1:53466] script 'C:/CNUS2/Monahov/php_ls/0601/user.php' not found or unable to stat, referer: http://localhost/0601/form.html
[Fri Jan 06 17:54:10.602425 2023] [php:error] [pid 19128:tid 1132] [client ::1:53480] script 'C:/CNUS2/Monahov/php_ls/0601/user.php' not found or unable to stat, referer: http://localhost/0601/form.html
[Fri Jan 06 17:54:13.636690 2023] [php:error] [pid 19128:tid 1132] [client ::1:53480] script 'C:/CNUS2/Monahov/php_ls/0601/user.php' not found or unable to stat, referer: http://localhost/0601/form.html
[Fri Jan 06 18:15:13.312315 2023] [php:warn] [pid 19128:tid 1148] [client ::1:53824] PHP Warning:  foreach() argument must be of type array|object, string given in C:\\CNUS2\\Monahov\\php_ls\\0601\\checkbox.php on line 5, referer: http://localhost/0601/checkbox.html
[Fri Jan 06 19:17:47.508933 2023] [php:warn] [pid 19128:tid 1132] [client ::1:54887] PHP Warning:  move_uploaded_file(upload/1.jpg): Failed to open stream: No such file or directory in C:\\CNUS2\\Monahov\\php_ls\\0601\\upload.php on line 14, referer: http://localhost/0601/upload.php
[Fri Jan 06 19:17:47.511198 2023] [php:warn] [pid 19128:tid 1132] [client ::1:54887] PHP Warning:  move_uploaded_file(): Unable to move &quot;C:\\Windows\\Temp\\php26C2.tmp&quot; to &quot;upload/1.jpg&quot; in C:\\CNUS2\\Monahov\\php_ls\\0601\\upload.php on line 14, referer: http://localhost/0601/upload.php
[Fri Jan 06 19:18:05.201104 2023] [php:warn] [pid 19128:tid 1132] [client ::1:54890] PHP Warning:  move_uploaded_file(upload/1.jpg): Failed to open stream: No such file or directory in C:\\CNUS2\\Monahov\\php_ls\\0601\\upload.php on line 14, referer: http://localhost/0601/upload.php
[Fri Jan 06 19:18:05.202103 2023] [php:warn] [pid 19128:tid 1132] [client ::1:54890] PHP Warning:  move_uploaded_file(): Unable to move &quot;C:\\Windows\\Temp\\php6BFA.tmp&quot; to &quot;upload/1.jpg&quot; in C:\\CNUS2\\Monahov\\php_ls\\0601\\upload.php on line 14, referer: http://localhost/0601/upload.php
[Fri Jan 06 19:18:24.155871 2023] [php:warn] [pid 19128:tid 1148] [client ::1:54893] PHP Warning:  move_uploaded_file(upload/1.jpg): Failed to open stream: No such file or directory in C:\\CNUS2\\Monahov\\php_ls\\0601\\upload.php on line 14, referer: http://localhost/0601/upload.php
[Fri Jan 06 19:18:24.155871 2023] [php:warn] [pid 19128:tid 1148] [client ::1:54893] PHP Warning:  move_uploaded_file(): Unable to move &quot;C:\\Windows\\Temp\\phpB604.tmp&quot; to &quot;upload/1.jpg&quot; in C:\\CNUS2\\Monahov\\php_ls\\0601\\upload.php on line 14, referer: http://localhost/0601/upload.php
[Fri Jan 06 19:20:14.597847 2023] [mpm_winnt:notice] [pid 13276:tid 452] AH00422: Parent: Received shutdown signal -- Shutting down the server.
[Fri Jan 06 19:20:16.612240 2023] [mpm_winnt:notice] [pid 19128:tid 516] AH00364: Child: All worker threads have exited.
[Fri Jan 06 19:20:16.765440 2023] [mpm_winnt:notice] [pid 13276:tid 452] AH00430: Parent: Child process 19128 exited successfully.
[Fri Jan 06 19:20:17.762665 2023] [mpm_winnt:notice] [pid 18036:tid 456] AH00455: Apache/2.4.54 (Win64) PHP/8.2.1 configured -- resuming normal operations
[Fri Jan 06 19:20:17.763669 2023] [mpm_winnt:notice] [pid 18036:tid 456] AH00456: Apache Lounge VS17 Server built: Nov 10 2022 11:16:17
[Fri Jan 06 19:20:17.763669 2023] [core:notice] [pid 18036:tid 456] AH00094: Command line: 'C:\\CNUS2\\Monahov\\Apache24\\bin\\httpd.exe -d C:/CNUS2/Monahov/Apache24'
[Fri Jan 06 19:20:17.776654 2023] [mpm_winnt:notice] [pid 18036:tid 456] AH00418: Parent: Created child process 2656
[Fri Jan 06 19:20:18.355486 2023] [mpm_winnt:notice] [pid 2656:tid 468] AH00354: Child: Starting 64 worker threads.
[Fri Jan 06 19:20:23.325496 2023] [php:warn] [pid 2656:tid 1140] [client ::1:54926] PHP Warning:  move_uploaded_file(upload/1.jpg): Failed to open stream: No such file or directory in C:\\CNUS2\\Monahov\\php_ls\\0601\\upload.php on line 14, referer: http://localhost/0601/upload.php
[Fri Jan 06 19:20:23.325496 2023] [php:warn] [pid 2656:tid 1140] [client ::1:54926] PHP Warning:  move_uploaded_file(): Unable to move &quot;C:\\CNUS2\\Monahov\\php_ls\\upload\\php8784.tmp&quot; to &quot;upload/1.jpg&quot; in C:\\CNUS2\\Monahov\\php_ls\\0601\\upload.php on line 14, referer: http://localhost/0601/upload.php
[Fri Jan 06 19:20:29.763121 2023] [php:warn] [pid 2656:tid 1140] [client ::1:54928] PHP Warning:  move_uploaded_file(upload/2.jpg): Failed to open stream: No such file or directory in C:\\CNUS2\\Monahov\\php_ls\\0601\\upload.php on line 14, referer: http://localhost/0601/upload.php
[Fri Jan 06 19:20:29.763121 2023] [php:warn] [pid 2656:tid 1140] [client ::1:54928] PHP Warning:  move_uploaded_file(): Unable to move &quot;C:\\CNUS2\\Monahov\\php_ls\\upload\\phpA0AB.tmp&quot; to &quot;upload/2.jpg&quot; in C:\\CNUS2\\Monahov\\php_ls\\0601\\upload.php on line 14, referer: http://localhost/0601/upload.php
[Fri Jan 06 19:21:39.684538 2023] [php:warn] [pid 2656:tid 1140] [client ::1:54947] PHP Warning:  move_uploaded_file(upload/2.jpg): Failed to open stream: No such file or directory in C:\\CNUS2\\Monahov\\php_ls\\0601\\upload.php on line 14, referer: http://localhost/0601/upload.php
[Fri Jan 06 19:21:39.684538 2023] [php:warn] [pid 2656:tid 1140] [client ::1:54947] PHP Warning:  move_uploaded_file(): Unable to move &quot;C:\\CNUS2\\Monahov\\php_ls\\upload\\phpB1BE.tmp&quot; to &quot;upload/2.jpg&quot; in C:\\CNUS2\\Monahov\\php_ls\\0601\\upload.php on line 14, referer: http://localhost/0601/upload.php
[Fri Jan 06 19:21:45.387711 2023] [php:warn] [pid 2656:tid 1140] [client ::1:54952] PHP Warning:  move_uploaded_file(upload/3.jpg): Failed to open stream: No such file or directory in C:\\CNUS2\\Monahov\\php_ls\\0601\\upload.php on line 14, referer: http://localhost/0601/upload.php
[Fri Jan 06 19:21:45.387711 2023] [php:warn] [pid 2656:tid 1140] [client ::1:54952] PHP Warning:  move_uploaded_file(): Unable to move &quot;C:\\CNUS2\\Monahov\\php_ls\\upload\\phpC816.tmp&quot; to &quot;upload/3.jpg&quot; in C:\\CNUS2\\Monahov\\php_ls\\0601\\upload.php on line 14, referer: http://localhost/0601/upload.php
[Fri Jan 06 19:26:02.168486 2023] [php:warn] [pid 2656:tid 1140] [client ::1:55022] PHP Warning:  Undefined array key "file" in C:\\CNUS2\\Monahov\\php_ls\\0601\\upload.php on line 11, referer: http://localhost/0601/upload.php
[Fri Jan 06 19:26:02.169486 2023] [php:warn] [pid 2656:tid 1140] [client ::1:55022] PHP Warning:  Trying to access array offset on value of type null in C:\\CNUS2\\Monahov\\php_ls\\0601\\upload.php on line 11, referer: http://localhost/0601/upload.php
[Fri Jan 06 19:26:19.371988 2023] [php:warn] [pid 2656:tid 1148] [client ::1:55029] PHP Warning:  move_uploaded_file(upload/2.jpg): Failed to open stream: No such file or directory in C:\\CNUS2\\Monahov\\php_ls\\0601\\upload.php on line 12, referer: http://localhost/0601/upload.php
[Fri Jan 06 19:26:19.371988 2023] [php:warn] [pid 2656:tid 1148] [client ::1:55029] PHP Warning:  move_uploaded_file(): Unable to move &quot;C:\\CNUS2\\Monahov\\php_ls\\upload\\phpF64A.tmp&quot; to &quot;upload/2.jpg&quot; in C:\\CNUS2\\Monahov\\php_ls\\0601\\upload.php on line 12, referer: http://localhost/0601/upload.php
[Fri Jan 06 19:27:27.697433 2023] [php:warn] [pid 2656:tid 1148] [client ::1:55048] PHP Warning:  move_uploaded_file(C:/CNUS2/Monahov/upload/2.jpg): Failed to open stream: No such file or directory in C:\\CNUS2\\Monahov\\php_ls\\0601\\upload.php on line 12, referer: http://localhost/0601/upload.php
[Fri Jan 06 19:27:27.697433 2023] [php:warn] [pid 2656:tid 1148] [client ::1:55048] PHP Warning:  move_uploaded_file(): Unable to move &quot;C:\\CNUS2\\Monahov\\php_ls\\upload\\php133.tmp&quot; to &quot;C:/CNUS2/Monahov/upload/2.jpg&quot; in C:\\CNUS2\\Monahov\\php_ls\\0601\\upload.php on line 12, referer: http://localhost/0601/upload.php
[Mon Jan 09 16:39:35.998770 2023] [mpm_winnt:notice] [pid 6716:tid 392] AH00455: Apache/2.4.54 (Win64) PHP/8.2.0 configured -- resuming normal operations
[Mon Jan 09 16:39:36.014382 2023] [mpm_winnt:notice] [pid 6716:tid 392] AH00456: Apache Lounge VS17 Server built: Nov 10 2022 11:16:17
[Mon Jan 09 16:39:36.014382 2023] [core:notice] [pid 6716:tid 392] AH00094: Command line: 'D:\\Apache24\\bin\\httpd.exe -d D:/Apache24'
[Mon Jan 09 16:39:36.014382 2023] [mpm_winnt:notice] [pid 6716:tid 392] AH00418: Parent: Created child process 10864
[Mon Jan 09 16:39:36.467440 2023] [mpm_winnt:notice] [pid 10864:tid 412] AH00354: Child: Starting 64 worker threads.
[Mon Jan 09 16:49:53.337857 2023] [mpm_winnt:notice] [pid 6716:tid 392] AH00422: Parent: Received shutdown signal -- Shutting down the server.
[Mon Jan 09 16:49:55.352109 2023] [mpm_winnt:notice] [pid 10864:tid 412] AH00364: Child: All worker threads have exited.
[Mon Jan 09 16:49:55.424103 2023] [mpm_winnt:notice] [pid 6716:tid 392] AH00430: Parent: Child process 10864 exited successfully.
[Mon Jan 09 22:56:09.055701 2023] [mpm_winnt:notice] [pid 10540:tid 436] AH00455: Apache/2.4.54 (Win64) PHP/8.2.0 configured -- resuming normal operations
[Mon Jan 09 22:56:09.055701 2023] [mpm_winnt:notice] [pid 10540:tid 436] AH00456: Apache Lounge VS17 Server built: Nov 10 2022 11:16:17
[Mon Jan 09 22:56:09.055701 2023] [core:notice] [pid 10540:tid 436] AH00094: Command line: 'D:\\Apache24\\bin\\httpd.exe -d D:/Apache24'
[Mon Jan 09 22:56:09.071333 2023] [mpm_winnt:notice] [pid 10540:tid 436] AH00418: Parent: Created child process 10112
[Mon Jan 09 22:56:09.508847 2023] [mpm_winnt:notice] [pid 10112:tid 420] AH00354: Child: Starting 64 worker threads.
[Tue Jan 10 06:11:18.130887 2023] [mpm_winnt:notice] [pid 10540:tid 436] AH00422: Parent: Received shutdown signal -- Shutting down the server.
[Tue Jan 10 06:11:20.162197 2023] [mpm_winnt:notice] [pid 10112:tid 420] AH00364: Child: All worker threads have exited.
[Tue Jan 10 06:11:20.271508 2023] [mpm_winnt:notice] [pid 10540:tid 436] AH00430: Parent: Child process 10112 exited successfully.
